{"contracts\\ExpenseSplitter.sol":{"l":{"45":146,"46":146,"47":146,"48":146,"53":146,"54":146,"59":47,"60":45,"68":25,"70":24,"78":24,"80":24,"81":50,"83":50,"84":24,"86":26,"90":24,"91":24,"96":41,"97":41,"99":41,"106":4,"107":4,"110":4,"112":4,"114":4,"123":3,"126":2,"127":2,"130":2,"132":2,"135":2,"141":2,"146":1,"151":18,"159":1,"161":1,"162":1,"165":1,"173":25,"174":25,"179":25,"180":25,"186":24,"187":24,"189":24,"190":23,"196":22,"198":22,"203":19,"209":10,"210":9,"211":8,"212":7,"215":6,"216":6,"218":6,"219":6,"222":5,"223":5,"224":1,"228":5,"229":5,"230":0,"234":5,"235":5,"238":5,"239":5,"240":5,"243":5,"244":5,"245":1,"246":1,"249":5},"path":"C:\\Users\\Admin\\Documents\\TheOdinProject\\web3-expense-splitter\\contracts\\ExpenseSplitter.sol","s":{"1":146,"2":47,"3":25,"4":24,"5":24,"6":24,"7":50,"8":50,"9":24,"10":24,"11":41,"12":41,"13":4,"14":4,"15":4,"16":3,"17":2,"18":2,"19":2,"20":2,"21":1,"22":18,"23":1,"24":1,"25":1,"26":25,"27":25,"28":25,"29":25,"30":24,"31":24,"32":24,"33":23,"34":22,"35":22,"36":19,"37":10,"38":9,"39":8,"40":7,"41":6,"42":6,"43":6,"44":6,"45":5,"46":5,"47":5,"48":5,"49":5,"50":5,"51":5,"52":5,"53":5,"54":1,"55":1,"56":5},"b":{"1":[45,2],"2":[24,1],"3":[24,26],"4":[41,1],"5":[4,1],"6":[2,1],"7":[23,1],"8":[22,1],"9":[10,0],"10":[9,1],"11":[8,1],"12":[7,1],"13":[6,1],"14":[6,0],"15":[5,1],"16":[1,4],"17":[0,5],"18":[5,0],"19":[1,4],"20":[1,0]},"f":{"1":146,"2":47,"3":25,"4":41,"5":4,"6":3,"7":2,"8":1,"9":18,"10":1,"11":25,"12":25,"13":24,"14":19,"15":10},"fnMap":{"1":{"name":"constructor","line":39,"loc":{"start":{"line":39,"column":4},"end":{"line":55,"column":4}}},"2":{"name":"onlyOwner","line":58,"loc":{"start":{"line":58,"column":4},"end":{"line":61,"column":4}}},"3":{"name":"addExpense","line":67,"loc":{"start":{"line":67,"column":4},"end":{"line":92,"column":4}}},"4":{"name":"addMember","line":95,"loc":{"start":{"line":95,"column":4},"end":{"line":100,"column":4}}},"5":{"name":"removeMember","line":103,"loc":{"start":{"line":103,"column":4},"end":{"line":116,"column":4}}},"6":{"name":"removeSelf","line":120,"loc":{"start":{"line":120,"column":6},"end":{"line":136,"column":4}}},"7":{"name":"getMembers","line":140,"loc":{"start":{"line":140,"column":4},"end":{"line":142,"column":4}}},"8":{"name":"getExpenses","line":145,"loc":{"start":{"line":145,"column":4},"end":{"line":147,"column":4}}},"9":{"name":"getBalance","line":150,"loc":{"start":{"line":150,"column":4},"end":{"line":152,"column":4}}},"10":{"name":"getAllBalances","line":154,"loc":{"start":{"line":154,"column":4},"end":{"line":166,"column":4}}},"11":{"name":"getEthUsdPrice","line":172,"loc":{"start":{"line":172,"column":4},"end":{"line":175,"column":4}}},"12":{"name":"getEurUsdPrice","line":178,"loc":{"start":{"line":178,"column":4},"end":{"line":181,"column":4}}},"13":{"name":"convertCentsToWei","line":185,"loc":{"start":{"line":185,"column":4},"end":{"line":199,"column":4}}},"14":{"name":"getWeiPerCent","line":202,"loc":{"start":{"line":202,"column":4},"end":{"line":204,"column":4}}},"15":{"name":"settleDebtWithEth","line":208,"loc":{"start":{"line":208,"column":4},"end":{"line":250,"column":4}}}},"statementMap":{"1":{"start":{"line":46,"column":8},"end":{"line":46,"column":27}},"2":{"start":{"line":59,"column":6},"end":{"line":59,"column":50}},"3":{"start":{"line":68,"column":8},"end":{"line":68,"column":76}},"4":{"start":{"line":70,"column":8},"end":{"line":70,"column":2043}},"5":{"start":{"line":78,"column":8},"end":{"line":78,"column":45}},"6":{"start":{"line":80,"column":8},"end":{"line":80,"column":2272}},"7":{"start":{"line":81,"column":10},"end":{"line":81,"column":37}},"8":{"start":{"line":83,"column":10},"end":{"line":83,"column":2367}},"9":{"start":{"line":90,"column":8},"end":{"line":90,"column":43}},"10":{"start":{"line":91,"column":8},"end":{"line":91,"column":71}},"11":{"start":{"line":96,"column":6},"end":{"line":96,"column":32}},"12":{"start":{"line":99,"column":6},"end":{"line":99,"column":37}},"13":{"start":{"line":106,"column":6},"end":{"line":106,"column":49}},"14":{"start":{"line":112,"column":6},"end":{"line":112,"column":18}},"15":{"start":{"line":114,"column":6},"end":{"line":114,"column":40}},"16":{"start":{"line":123,"column":6},"end":{"line":123,"column":74}},"17":{"start":{"line":126,"column":6},"end":{"line":126,"column":49}},"18":{"start":{"line":132,"column":6},"end":{"line":132,"column":18}},"19":{"start":{"line":135,"column":6},"end":{"line":135,"column":40}},"20":{"start":{"line":141,"column":6},"end":{"line":141,"column":20}},"21":{"start":{"line":146,"column":6},"end":{"line":146,"column":20}},"22":{"start":{"line":151,"column":6},"end":{"line":151,"column":27}},"23":{"start":{"line":159,"column":8},"end":{"line":159,"column":69}},"24":{"start":{"line":161,"column":8},"end":{"line":161,"column":4378}},"25":{"start":{"line":165,"column":8},"end":{"line":165,"column":40}},"26":{"start":{"line":173,"column":8},"end":{"line":173,"column":63}},"27":{"start":{"line":174,"column":8},"end":{"line":174,"column":20}},"28":{"start":{"line":179,"column":8},"end":{"line":179,"column":63}},"29":{"start":{"line":180,"column":8},"end":{"line":180,"column":20}},"30":{"start":{"line":186,"column":8},"end":{"line":186,"column":45}},"31":{"start":{"line":187,"column":8},"end":{"line":187,"column":45}},"32":{"start":{"line":189,"column":8},"end":{"line":189,"column":52}},"33":{"start":{"line":190,"column":8},"end":{"line":190,"column":52}},"34":{"start":{"line":196,"column":8},"end":{"line":196,"column":99}},"35":{"start":{"line":198,"column":8},"end":{"line":198,"column":24}},"36":{"start":{"line":203,"column":8},"end":{"line":203,"column":35}},"37":{"start":{"line":209,"column":8},"end":{"line":209,"column":76}},"38":{"start":{"line":210,"column":8},"end":{"line":210,"column":63}},"39":{"start":{"line":211,"column":8},"end":{"line":211,"column":60}},"40":{"start":{"line":212,"column":8},"end":{"line":212,"column":64}},"41":{"start":{"line":215,"column":8},"end":{"line":215,"column":44}},"42":{"start":{"line":216,"column":8},"end":{"line":216,"column":57}},"43":{"start":{"line":218,"column":8},"end":{"line":218,"column":50}},"44":{"start":{"line":219,"column":8},"end":{"line":219,"column":50}},"45":{"start":{"line":222,"column":8},"end":{"line":222,"column":60}},"46":{"start":{"line":223,"column":8},"end":{"line":223,"column":6806}},"47":{"start":{"line":228,"column":8},"end":{"line":228,"column":59}},"48":{"start":{"line":229,"column":8},"end":{"line":229,"column":7013}},"49":{"start":{"line":238,"column":8},"end":{"line":238,"column":54}},"50":{"start":{"line":239,"column":8},"end":{"line":239,"column":75}},"51":{"start":{"line":240,"column":8},"end":{"line":240,"column":58}},"52":{"start":{"line":243,"column":8},"end":{"line":243,"column":50}},"53":{"start":{"line":244,"column":8},"end":{"line":244,"column":7554}},"54":{"start":{"line":245,"column":12},"end":{"line":245,"column":80}},"55":{"start":{"line":246,"column":12},"end":{"line":246,"column":54}},"56":{"start":{"line":249,"column":8},"end":{"line":249,"column":72}}},"branchMap":{"1":{"line":59,"type":"if","locations":[{"start":{"line":59,"column":6},"end":{"line":59,"column":6}},{"start":{"line":59,"column":6},"end":{"line":59,"column":6}}]},"2":{"line":68,"type":"if","locations":[{"start":{"line":68,"column":8},"end":{"line":68,"column":8}},{"start":{"line":68,"column":8},"end":{"line":68,"column":8}}]},"3":{"line":83,"type":"if","locations":[{"start":{"line":83,"column":10},"end":{"line":83,"column":10}},{"start":{"line":83,"column":10},"end":{"line":83,"column":10}}]},"4":{"line":95,"type":"if","locations":[{"start":{"line":95,"column":53},"end":{"line":95,"column":53}},{"start":{"line":95,"column":53},"end":{"line":95,"column":53}}]},"5":{"line":103,"type":"if","locations":[{"start":{"line":103,"column":49},"end":{"line":103,"column":49}},{"start":{"line":103,"column":49},"end":{"line":103,"column":49}}]},"6":{"line":123,"type":"if","locations":[{"start":{"line":123,"column":6},"end":{"line":123,"column":6}},{"start":{"line":123,"column":6},"end":{"line":123,"column":6}}]},"7":{"line":189,"type":"if","locations":[{"start":{"line":189,"column":8},"end":{"line":189,"column":8}},{"start":{"line":189,"column":8},"end":{"line":189,"column":8}}]},"8":{"line":190,"type":"if","locations":[{"start":{"line":190,"column":8},"end":{"line":190,"column":8}},{"start":{"line":190,"column":8},"end":{"line":190,"column":8}}]},"9":{"line":208,"type":"if","locations":[{"start":{"line":208,"column":64},"end":{"line":208,"column":64}},{"start":{"line":208,"column":64},"end":{"line":208,"column":64}}]},"10":{"line":209,"type":"if","locations":[{"start":{"line":209,"column":8},"end":{"line":209,"column":8}},{"start":{"line":209,"column":8},"end":{"line":209,"column":8}}]},"11":{"line":210,"type":"if","locations":[{"start":{"line":210,"column":8},"end":{"line":210,"column":8}},{"start":{"line":210,"column":8},"end":{"line":210,"column":8}}]},"12":{"line":211,"type":"if","locations":[{"start":{"line":211,"column":8},"end":{"line":211,"column":8}},{"start":{"line":211,"column":8},"end":{"line":211,"column":8}}]},"13":{"line":212,"type":"if","locations":[{"start":{"line":212,"column":8},"end":{"line":212,"column":8}},{"start":{"line":212,"column":8},"end":{"line":212,"column":8}}]},"14":{"line":216,"type":"if","locations":[{"start":{"line":216,"column":8},"end":{"line":216,"column":8}},{"start":{"line":216,"column":8},"end":{"line":216,"column":8}}]},"15":{"line":219,"type":"if","locations":[{"start":{"line":219,"column":8},"end":{"line":219,"column":8}},{"start":{"line":219,"column":8},"end":{"line":219,"column":8}}]},"16":{"line":223,"type":"if","locations":[{"start":{"line":223,"column":8},"end":{"line":223,"column":8}},{"start":{"line":223,"column":8},"end":{"line":223,"column":8}}]},"17":{"line":229,"type":"if","locations":[{"start":{"line":229,"column":8},"end":{"line":229,"column":8}},{"start":{"line":229,"column":8},"end":{"line":229,"column":8}}]},"18":{"line":240,"type":"if","locations":[{"start":{"line":240,"column":8},"end":{"line":240,"column":8}},{"start":{"line":240,"column":8},"end":{"line":240,"column":8}}]},"19":{"line":244,"type":"if","locations":[{"start":{"line":244,"column":8},"end":{"line":244,"column":8}},{"start":{"line":244,"column":8},"end":{"line":244,"column":8}}]},"20":{"line":246,"type":"if","locations":[{"start":{"line":246,"column":12},"end":{"line":246,"column":12}},{"start":{"line":246,"column":12},"end":{"line":246,"column":12}}]}}},"contracts\\ExpenseSplitterFactory.sol":{"l":{"26":30,"29":30,"30":30,"36":11,"42":11,"44":11,"51":11,"56":7},"path":"C:\\Users\\Admin\\Documents\\TheOdinProject\\web3-expense-splitter\\contracts\\ExpenseSplitterFactory.sol","s":{"1":11,"2":11,"3":11,"4":11,"5":7},"b":{},"f":{"1":30,"2":11,"3":7},"fnMap":{"1":{"name":"constructor","line":25,"loc":{"start":{"line":25,"column":8},"end":{"line":31,"column":8}}},"2":{"name":"createGroup","line":35,"loc":{"start":{"line":35,"column":4},"end":{"line":52,"column":4}}},"3":{"name":"getGroups","line":55,"loc":{"start":{"line":55,"column":4},"end":{"line":57,"column":4}}}},"statementMap":{"1":{"start":{"line":36,"column":8},"end":{"line":36,"column":995}},"2":{"start":{"line":42,"column":8},"end":{"line":42,"column":48}},"3":{"start":{"line":44,"column":8},"end":{"line":44,"column":1220}},"4":{"start":{"line":51,"column":8},"end":{"line":51,"column":42}},"5":{"start":{"line":56,"column":8},"end":{"line":56,"column":21}}},"branchMap":{}},"contracts\\test\\MockV3Aggregator.sol":{"l":{"9":330,"10":330,"24":50,"28":2,"32":0},"path":"C:\\Users\\Admin\\Documents\\TheOdinProject\\web3-expense-splitter\\contracts\\test\\MockV3Aggregator.sol","s":{"1":50,"2":0},"b":{},"f":{"1":330,"2":50,"3":2,"4":0},"fnMap":{"1":{"name":"constructor","line":8,"loc":{"start":{"line":8,"column":4},"end":{"line":11,"column":4}}},"2":{"name":"latestRoundData","line":13,"loc":{"start":{"line":13,"column":4},"end":{"line":25,"column":4}}},"3":{"name":"updateAnswer","line":27,"loc":{"start":{"line":27,"column":4},"end":{"line":29,"column":4}}},"4":{"name":"decimals","line":31,"loc":{"start":{"line":31,"column":4},"end":{"line":33,"column":4}}}},"statementMap":{"1":{"start":{"line":24,"column":8},"end":{"line":24,"column":63}},"2":{"start":{"line":32,"column":8},"end":{"line":32,"column":24}}},"branchMap":{}}}